[2025-10-03T00:10:19.727Z] 設定値: DRY_RUN=true, MAX_DELETIONS=50, DIFF_OR_DATE=90日

[2025-10-03T00:10:20.586Z] 取得したブランチ総数: 101

[2025-10-03T00:10:20.589Z] パターン feature/: 0 ブランチ

[2025-10-03T00:10:20.591Z] パターン test/: 2 ブランチ

[2025-10-03T00:10:20.593Z] 最初のブランチ: test/branch-045

[2025-10-03T00:10:20.596Z] パターン release/: 16 ブランチ

[2025-10-03T00:10:20.598Z] 最初のブランチ: release/branch-002

[2025-10-03T00:10:20.601Z] パターン revert-: 82 ブランチ

[2025-10-03T00:10:20.604Z] 最初のブランチ: revert-245-fix-issue-41

[2025-10-03T00:10:20.606Z] 削除対象チェックするブランチ総数: 100

[2025-10-03T00:10:20.609Z] ⏩ スキップ（最近のコミット）: test/branch-045 (3日前)

[2025-10-03T00:10:20.611Z] ⏩ スキップ（最近のコミット）: test/branch-047 (7日前)

[2025-10-03T00:10:20.613Z] ⏩ スキップ（最近のコミット）: release/branch-002 (6日前)

[2025-10-03T00:10:20.616Z] ⏩ スキップ（最近のコミット）: release/branch-006 (80日前)

[2025-10-03T00:10:20.618Z] ⏩ スキップ（最近のコミット）: release/branch-009 (45日前)

[2025-10-03T00:10:20.620Z] ⏩ スキップ（最近のコミット）: release/branch-016 (22日前)

[2025-10-03T00:10:20.622Z] ⏩ スキップ（最近のコミット）: release/branch-018 (78日前)

[2025-10-03T00:10:20.625Z] ⏩ スキップ（最近のコミット）: release/branch-020 (77日前)

[2025-10-03T00:10:20.627Z] ⏩ スキップ（最近のコミット）: release/branch-023 (81日前)

[2025-10-03T00:10:20.629Z] ⏩ スキップ（最近のコミット）: release/branch-024 (30日前)

[2025-10-03T00:10:20.631Z] ⏩ スキップ（最近のコミット）: release/branch-028 (8日前)

[2025-10-03T00:10:20.634Z] ⏩ スキップ（最近のコミット）: release/branch-030 (38日前)

[2025-10-03T00:10:20.636Z] ⏩ スキップ（最近のコミット）: release/branch-035 (27日前)

[2025-10-03T00:10:20.638Z] ⏩ スキップ（最近のコミット）: release/branch-036 (80日前)

[2025-10-03T00:10:20.640Z] ⏩ スキップ（最近のコミット）: release/branch-037 (62日前)

[2025-10-03T00:10:20.642Z] ⏩ スキップ（最近のコミット）: release/branch-041 (49日前)

[2025-10-03T00:10:20.645Z] ⏩ スキップ（最近のコミット）: release/branch-044 (14日前)

[2025-10-03T00:10:20.647Z] ⏩ スキップ（最近のコミット）: release/branch-047 (39日前)

[2025-10-03T00:10:20.840Z] [DRY-RUN] 削除対象: revert-245-fix-issue-41

[2025-10-03T00:10:20.843Z] ✅ 削除完了: revert-245-fix-issue-41 (188日前)

[2025-10-03T00:10:20.845Z] ⏩ スキップ（最近のコミット）: revert-1192-fix-issue-22 (40日前)

[2025-10-03T00:10:20.848Z] ⏩ スキップ（最近のコミット）: revert-1299-fix-issue-42 (32日前)

[2025-10-03T00:10:20.850Z] ⏩ スキップ（最近のコミット）: revert-1307-fix-issue-12 (25日前)

[2025-10-03T00:10:20.852Z] ⏩ スキップ（最近のコミット）: revert-1381-fix-issue-17 (74日前)

[2025-10-03T00:10:20.854Z] ⏩ スキップ（最近のコミット）: revert-1468-fix-issue-10 (61日前)

[2025-10-03T00:10:21.085Z] [DRY-RUN] 削除対象: revert-1735-fix-issue-3

[2025-10-03T00:10:21.087Z] ✅ 削除完了: revert-1735-fix-issue-3 (137日前)

[2025-10-03T00:10:21.251Z] [DRY-RUN] 削除対象: revert-1979-fix-issue-31

[2025-10-03T00:10:21.253Z] ✅ 削除完了: revert-1979-fix-issue-31 (239日前)

[2025-10-03T00:10:21.414Z] [DRY-RUN] 削除対象: revert-2203-fix-issue-21

[2025-10-03T00:10:21.418Z] ✅ 削除完了: revert-2203-fix-issue-21 (128日前)

[2025-10-03T00:10:21.420Z] ⏩ スキップ（最近のコミット）: revert-2304-fix-issue-8 (16日前)

[2025-10-03T00:10:21.423Z] ⏩ スキップ（最近のコミット）: revert-2405-fix-issue-11 (15日前)

[2025-10-03T00:10:21.616Z] [DRY-RUN] 削除対象: revert-2474-fix-issue-27

[2025-10-03T00:10:21.619Z] ✅ 削除完了: revert-2474-fix-issue-27 (288日前)

[2025-10-03T00:10:21.808Z] [DRY-RUN] 削除対象: revert-2930-fix-issue-2

[2025-10-03T00:10:21.811Z] ✅ 削除完了: revert-2930-fix-issue-2 (280日前)

[2025-10-03T00:10:22.013Z] [DRY-RUN] 削除対象: revert-2986-fix-issue-28

[2025-10-03T00:10:22.016Z] ✅ 削除完了: revert-2986-fix-issue-28 (103日前)

[2025-10-03T00:10:22.018Z] ⏩ スキップ（最近のコミット）: revert-3013-fix-issue-19 (66日前)

[2025-10-03T00:10:22.219Z] [DRY-RUN] 削除対象: revert-3437-fix-issue-25

[2025-10-03T00:10:22.222Z] ✅ 削除完了: revert-3437-fix-issue-25 (190日前)

[2025-10-03T00:10:22.393Z] [DRY-RUN] 削除対象: revert-3444-fix-issue-17

[2025-10-03T00:10:22.395Z] ✅ 削除完了: revert-3444-fix-issue-17 (278日前)

[2025-10-03T00:10:22.741Z] [DRY-RUN] 削除対象: revert-3557-fix-issue-5

[2025-10-03T00:10:22.744Z] ✅ 削除完了: revert-3557-fix-issue-5 (189日前)

[2025-10-03T00:10:22.746Z] ⏩ スキップ（最近のコミット）: revert-3832-fix-issue-12 (76日前)

[2025-10-03T00:10:22.748Z] ⏩ スキップ（最近のコミット）: revert-4179-fix-issue-35 (13日前)

[2025-10-03T00:10:22.928Z] [DRY-RUN] 削除対象: revert-4241-fix-issue-15

[2025-10-03T00:10:22.930Z] ✅ 削除完了: revert-4241-fix-issue-15 (151日前)

[2025-10-03T00:10:23.090Z] [DRY-RUN] 削除対象: revert-4316-fix-issue-16

[2025-10-03T00:10:23.092Z] ✅ 削除完了: revert-4316-fix-issue-16 (165日前)

[2025-10-03T00:10:23.094Z] ⏩ スキップ（最近のコミット）: revert-4322-fix-issue-9 (60日前)

[2025-10-03T00:10:23.329Z] [DRY-RUN] 削除対象: revert-4383-fix-issue-8

[2025-10-03T00:10:23.331Z] ✅ 削除完了: revert-4383-fix-issue-8 (165日前)

[2025-10-03T00:10:23.496Z] [DRY-RUN] 削除対象: revert-4454-fix-issue-37

[2025-10-03T00:10:23.499Z] ✅ 削除完了: revert-4454-fix-issue-37 (234日前)

[2025-10-03T00:10:23.717Z] [DRY-RUN] 削除対象: revert-4597-fix-issue-15

[2025-10-03T00:10:23.720Z] ✅ 削除完了: revert-4597-fix-issue-15 (285日前)

[2025-10-03T00:10:23.723Z] ⏩ スキップ（最近のコミット）: revert-4632-fix-issue-32 (50日前)

[2025-10-03T00:10:23.908Z] [DRY-RUN] 削除対象: revert-4791-fix-issue-5

[2025-10-03T00:10:23.911Z] ✅ 削除完了: revert-4791-fix-issue-5 (107日前)

[2025-10-03T00:10:24.083Z] [DRY-RUN] 削除対象: revert-4933-fix-issue-7

[2025-10-03T00:10:24.086Z] ✅ 削除完了: revert-4933-fix-issue-7 (150日前)

[2025-10-03T00:10:24.261Z] [DRY-RUN] 削除対象: revert-5103-fix-issue-30

[2025-10-03T00:10:24.264Z] ✅ 削除完了: revert-5103-fix-issue-30 (136日前)

[2025-10-03T00:10:24.431Z] [DRY-RUN] 削除対象: revert-5286-fix-issue-22

[2025-10-03T00:10:24.434Z] ✅ 削除完了: revert-5286-fix-issue-22 (201日前)

[2025-10-03T00:10:24.638Z] [DRY-RUN] 削除対象: revert-5343-fix-issue-27

[2025-10-03T00:10:24.640Z] ✅ 削除完了: revert-5343-fix-issue-27 (229日前)

[2025-10-03T00:10:24.798Z] [DRY-RUN] 削除対象: revert-5434-fix-issue-38

[2025-10-03T00:10:24.801Z] ✅ 削除完了: revert-5434-fix-issue-38 (284日前)

[2025-10-03T00:10:24.992Z] [DRY-RUN] 削除対象: revert-5488-fix-issue-16

[2025-10-03T00:10:24.994Z] ✅ 削除完了: revert-5488-fix-issue-16 (287日前)

[2025-10-03T00:10:24.997Z] ⏩ スキップ（最近のコミット）: revert-5504-fix-issue-6 (65日前)

[2025-10-03T00:10:25.203Z] [DRY-RUN] 削除対象: revert-5670-fix-issue-4

[2025-10-03T00:10:25.205Z] ✅ 削除完了: revert-5670-fix-issue-4 (272日前)

[2025-10-03T00:10:25.208Z] ⏩ スキップ（最近のコミット）: revert-5792-fix-issue-1 (66日前)

[2025-10-03T00:10:25.210Z] ⏩ スキップ（最近のコミット）: revert-5849-fix-issue-10 (44日前)

[2025-10-03T00:10:25.212Z] ⏩ スキップ（最近のコミット）: revert-5871-fix-issue-40 (77日前)

[2025-10-03T00:10:25.388Z] [DRY-RUN] 削除対象: revert-5958-fix-issue-33

[2025-10-03T00:10:25.390Z] ✅ 削除完了: revert-5958-fix-issue-33 (112日前)

[2025-10-03T00:10:25.392Z] ⏩ スキップ（最近のコミット）: revert-6012-fix-issue-36 (32日前)

[2025-10-03T00:10:25.575Z] [DRY-RUN] 削除対象: revert-6093-fix-issue-4

[2025-10-03T00:10:25.578Z] ✅ 削除完了: revert-6093-fix-issue-4 (204日前)

[2025-10-03T00:10:25.580Z] ⏩ スキップ（最近のコミット）: revert-6174-fix-issue-13 (48日前)

[2025-10-03T00:10:25.773Z] [DRY-RUN] 削除対象: revert-6269-fix-issue-11

[2025-10-03T00:10:25.776Z] ✅ 削除完了: revert-6269-fix-issue-11 (251日前)

[2025-10-03T00:10:25.778Z] ⏩ スキップ（最近のコミット）: revert-6524-fix-issue-29 (19日前)

[2025-10-03T00:10:25.781Z] ⏩ スキップ（最近のコミット）: revert-6816-fix-issue-38 (12日前)

[2025-10-03T00:10:25.783Z] ⏩ スキップ（最近のコミット）: revert-7014-fix-issue-19 (14日前)

[2025-10-03T00:10:25.785Z] ⏩ スキップ（最近のコミット）: revert-7052-fix-issue-1 (3日前)

[2025-10-03T00:10:25.992Z] [DRY-RUN] 削除対象: revert-7096-fix-issue-26

[2025-10-03T00:10:25.995Z] ✅ 削除完了: revert-7096-fix-issue-26 (140日前)

[2025-10-03T00:10:25.997Z] ⏩ スキップ（最近のコミット）: revert-7120-fix-issue-50 (61日前)

[2025-10-03T00:10:26.000Z] ⏩ スキップ（最近のコミット）: revert-7154-fix-issue-8 (81日前)

[2025-10-03T00:10:26.002Z] ⏩ スキップ（最近のコミット）: revert-7212-fix-issue-29 (32日前)

[2025-10-03T00:10:26.193Z] [DRY-RUN] 削除対象: revert-7241-fix-issue-3

[2025-10-03T00:10:26.196Z] ✅ 削除完了: revert-7241-fix-issue-3 (129日前)

[2025-10-03T00:10:26.198Z] ⏩ スキップ（最近のコミット）: revert-7394-fix-issue-24 (82日前)

[2025-10-03T00:10:26.200Z] ⏩ スキップ（最近のコミット）: revert-7512-fix-issue-6 (38日前)

[2025-10-03T00:10:26.367Z] [DRY-RUN] 削除対象: revert-7594-fix-issue-21

[2025-10-03T00:10:26.370Z] ✅ 削除完了: revert-7594-fix-issue-21 (254日前)

[2025-10-03T00:10:26.372Z] ⏩ スキップ（最近のコミット）: revert-7694-fix-issue-5 (71日前)

[2025-10-03T00:10:26.552Z] [DRY-RUN] 削除対象: revert-7793-fix-issue-28

[2025-10-03T00:10:26.554Z] ✅ 削除完了: revert-7793-fix-issue-28 (136日前)

[2025-10-03T00:10:26.763Z] [DRY-RUN] 削除対象: revert-7820-fix-issue-2

[2025-10-03T00:10:26.765Z] ✅ 削除完了: revert-7820-fix-issue-2 (181日前)

[2025-10-03T00:10:26.768Z] ⏩ スキップ（最近のコミット）: revert-7863-fix-issue-23 (51日前)

[2025-10-03T00:10:26.770Z] ⏩ スキップ（最近のコミット）: revert-7926-fix-issue-49 (54日前)

[2025-10-03T00:10:26.772Z] ⏩ スキップ（最近のコミット）: revert-8015-fix-issue-31 (46日前)

[2025-10-03T00:10:26.956Z] [DRY-RUN] 削除対象: revert-8313-fix-issue-23

[2025-10-03T00:10:26.959Z] ✅ 削除完了: revert-8313-fix-issue-23 (204日前)

[2025-10-03T00:10:27.145Z] [DRY-RUN] 削除対象: revert-8313-fix-issue-39

[2025-10-03T00:10:27.148Z] ✅ 削除完了: revert-8313-fix-issue-39 (257日前)

[2025-10-03T00:10:27.150Z] ⏩ スキップ（最近のコミット）: revert-8335-fix-issue-14 (70日前)

[2025-10-03T00:10:27.153Z] ⏩ スキップ（最近のコミット）: revert-8479-fix-issue-35 (10日前)

[2025-10-03T00:10:27.370Z] [DRY-RUN] 削除対象: revert-8730-fix-issue-20

[2025-10-03T00:10:27.373Z] ✅ 削除完了: revert-8730-fix-issue-20 (92日前)

[2025-10-03T00:10:27.376Z] ⏩ スキップ（最近のコミット）: revert-8820-fix-issue-33 (86日前)

[2025-10-03T00:10:27.378Z] ⏩ スキップ（最近のコミット）: revert-8828-fix-issue-17 (24日前)

[2025-10-03T00:10:27.380Z] ⏩ スキップ（最近のコミット）: revert-8854-fix-issue-4 (80日前)

[2025-10-03T00:10:27.549Z] [DRY-RUN] 削除対象: revert-8884-fix-issue-7

[2025-10-03T00:10:27.552Z] ✅ 削除完了: revert-8884-fix-issue-7 (236日前)

[2025-10-03T00:10:27.554Z] ⏩ スキップ（最近のコミット）: revert-8923-fix-issue-26 (44日前)

[2025-10-03T00:10:27.718Z] [DRY-RUN] 削除対象: revert-9208-fix-issue-13

[2025-10-03T00:10:27.721Z] ✅ 削除完了: revert-9208-fix-issue-13 (92日前)

[2025-10-03T00:10:27.723Z] ⏩ スキップ（最近のコミット）: revert-9342-fix-issue-8 (73日前)

[2025-10-03T00:10:27.884Z] [DRY-RUN] 削除対象: revert-9349-fix-issue-18

[2025-10-03T00:10:27.887Z] ✅ 削除完了: revert-9349-fix-issue-18 (279日前)

[2025-10-03T00:10:27.889Z] ⏩ スキップ（最近のコミット）: revert-9351-fix-issue-5 (16日前)

[2025-10-03T00:10:27.891Z] ⏩ スキップ（最近のコミット）: revert-9463-fix-issue-12 (62日前)

[2025-10-03T00:10:28.223Z] [DRY-RUN] 削除対象: revert-9478-fix-issue-34

[2025-10-03T00:10:28.226Z] ✅ 削除完了: revert-9478-fix-issue-34 (269日前)

[2025-10-03T00:10:28.418Z] [DRY-RUN] 削除対象: revert-9532-fix-issue-18

[2025-10-03T00:10:28.421Z] ✅ 削除完了: revert-9532-fix-issue-18 (127日前)

[2025-10-03T00:10:28.423Z] ⏩ スキップ（最近のコミット）: revert-9935-fix-issue-9 (41日前)

[2025-10-03T00:10:28.607Z] [DRY-RUN] 削除対象: revert-9967-fix-issue-20

[2025-10-03T00:10:28.610Z] ✅ 削除完了: revert-9967-fix-issue-20 (256日前)

[2025-10-03T00:10:28.612Z] ⏩ スキップ（最近のコミット）: revert-9972-fix-issue-34 (85日前)

[2025-10-03T00:10:28.615Z] 概要:

[2025-10-03T00:10:28.617Z] - feature/  : 0 ブランチ

[2025-10-03T00:10:28.619Z] - test/     : 2 ブランチ

[2025-10-03T00:10:28.621Z] - release/  : 16 ブランチ

[2025-10-03T00:10:28.623Z] - revert-   : 82 ブランチ

[2025-10-03T00:10:28.626Z] 概要: ✅ 削除=40、⏩ スキップ=60

